<?xml version="1.0" encoding="UTF-8"?>
<!-- Generated by org.testng.reporters.JUnitReportReporter -->
<testsuite hostname="DESKTOP-FCN7IKG" name="com.testing.Cliniops.Cliniops_AutomationScriptsTest" tests="15" failures="0" timestamp="14 Jul 2017 23:49:39 GMT" time="361.068" errors="0">
  <testcase name="forgotPassword" time="70.429" classname="com.testing.Cliniops.Cliniops_AutomationScriptsTest"/>
  <testcase name="forgotPassword" time="35.145" classname="com.testing.Cliniops.Cliniops_AutomationScriptsTest"/>
  <testcase name="loginErrorMessage1" time="5.446" classname="com.testing.Cliniops.Cliniops_AutomationScriptsTest"/>
  <testcase name="loginErrorMessage2" time="7.504" classname="com.testing.Cliniops.Cliniops_AutomationScriptsTest"/>
  <testcase name="loginErrorMessage3" time="8.038" classname="com.testing.Cliniops.Cliniops_AutomationScriptsTest"/>
  <testcase name="loginErrorMessage2" time="5.329" classname="com.testing.Cliniops.Cliniops_AutomationScriptsTest"/>
  <testcase name="loginErrorMessage3" time="10.498" classname="com.testing.Cliniops.Cliniops_AutomationScriptsTest"/>
  <testcase name="sucessFulLogin1" time="49.727" classname="com.testing.Cliniops.Cliniops_AutomationScriptsTest"/>
  <testcase name="loginErrorMessage3" time="9.174" classname="com.testing.Cliniops.Cliniops_AutomationScriptsTest"/>
  <testcase name="loginErrorMessage1" time="6.604" classname="com.testing.Cliniops.Cliniops_AutomationScriptsTest"/>
  <testcase name="loginErrorMessage1" time="7.041" classname="com.testing.Cliniops.Cliniops_AutomationScriptsTest"/>
  <testcase name="sucessFulLogin1" time="49.203" classname="com.testing.Cliniops.Cliniops_AutomationScriptsTest"/>
  <testcase name="forgotPassword" time="43.137" classname="com.testing.Cliniops.Cliniops_AutomationScriptsTest"/>
  <testcase name="sucessFulLogin1" time="47.114" classname="com.testing.Cliniops.Cliniops_AutomationScriptsTest"/>
  <testcase name="loginErrorMessage2" time="6.679" classname="com.testing.Cliniops.Cliniops_AutomationScriptsTest"/>
</testsuite> <!-- com.testing.Cliniops.Cliniops_AutomationScriptsTest -->
