<?xml version="1.0" encoding="UTF-8"?>
<!-- Generated by org.testng.reporters.JUnitReportReporter -->
<testsuite hostname="DESKTOP-SRM8OJ8" name="com.testing.Cliniops.Cliniops_AutomationScriptsTest" tests="15" failures="0" timestamp="14 Jul 2017 06:31:29 GMT" time="291.043" errors="0">
  <testcase name="sucessFulLogin1" time="48.583" classname="com.testing.Cliniops.Cliniops_AutomationScriptsTest"/>
  <testcase name="forgotPassword" time="28.642" classname="com.testing.Cliniops.Cliniops_AutomationScriptsTest"/>
  <testcase name="sucessFulLogin1" time="48.821" classname="com.testing.Cliniops.Cliniops_AutomationScriptsTest"/>
  <testcase name="forgotPassword" time="30.716" classname="com.testing.Cliniops.Cliniops_AutomationScriptsTest"/>
  <testcase name="loginErrorMessage3" time="8.378" classname="com.testing.Cliniops.Cliniops_AutomationScriptsTest"/>
  <testcase name="loginErrorMessage1" time="4.981" classname="com.testing.Cliniops.Cliniops_AutomationScriptsTest"/>
  <testcase name="loginErrorMessage3" time="7.937" classname="com.testing.Cliniops.Cliniops_AutomationScriptsTest"/>
  <testcase name="loginErrorMessage1" time="4.454" classname="com.testing.Cliniops.Cliniops_AutomationScriptsTest"/>
  <testcase name="forgotPassword" time="28.732" classname="com.testing.Cliniops.Cliniops_AutomationScriptsTest"/>
  <testcase name="loginErrorMessage3" time="9.421" classname="com.testing.Cliniops.Cliniops_AutomationScriptsTest"/>
  <testcase name="loginErrorMessage2" time="5.586" classname="com.testing.Cliniops.Cliniops_AutomationScriptsTest"/>
  <testcase name="loginErrorMessage2" time="5.143" classname="com.testing.Cliniops.Cliniops_AutomationScriptsTest"/>
  <testcase name="loginErrorMessage2" time="7.094" classname="com.testing.Cliniops.Cliniops_AutomationScriptsTest"/>
  <testcase name="loginErrorMessage1" time="5.512" classname="com.testing.Cliniops.Cliniops_AutomationScriptsTest"/>
  <testcase name="sucessFulLogin1" time="47.043" classname="com.testing.Cliniops.Cliniops_AutomationScriptsTest"/>
</testsuite> <!-- com.testing.Cliniops.Cliniops_AutomationScriptsTest -->
